<?xml version="1.0" encoding="utf-8"?><testsuites name="pytest tests"><testsuite name="pytest" errors="0" failures="2" skipped="0" tests="5" time="3.242" timestamp="2026-06-30T10:28:21.703845+00:00" hostname="agent-env-46c6b82e-100b-4a90-a6a1-78c5a2aa1199"><testcase classname="tests.test_bookings_edit.TestBookingAuth" name="test_login_owner" time="0.901" /><testcase classname="tests.test_bookings_edit.TestBookingCancel" name="test_cancel_booking" time="0.574" /><testcase classname="tests.test_bookings_edit.TestBookingEdit" name="test_put_endpoint_exists" time="1.170"><failure message="AssertionError: PUT /api/bookings/{id} returned 405: {&quot;detail&quot;:&quot;Method Not Allowed&quot;}. Backend endpoint missing — frontend Edit button fails.&#10;assert 405 == 200&#10; +  where 405 = &lt;Response [405]&gt;.status_code">backend/tests/test_bookings_edit.py:105: in test_put_endpoint_exists
    assert r.status_code == 200, (
E   AssertionError: PUT /api/bookings/{id} returned 405: {"detail":"Method Not Allowed"}. Backend endpoint missing — frontend Edit button fails.
E   assert 405 == 200
E    +  where 405 = &lt;Response [405]&gt;.status_code</failure></testcase><testcase classname="tests.test_bookings_edit.TestBookingEdit" name="test_update_persisted_via_get" time="0.176"><failure message="AssertionError: nama_tamu not persisted: TEST_Tamu_87d938&#10;assert 'TEST_Tamu_87d938' == 'TEST_Tamu_Updated'&#10;  &#10;  - TEST_Tamu_Updated&#10;  + TEST_Tamu_87d938">backend/tests/test_bookings_edit.py:116: in test_update_persisted_via_get
    assert bk["nama_tamu"] == "TEST_Tamu_Updated", f"nama_tamu not persisted: {bk.get('nama_tamu')}"
E   AssertionError: nama_tamu not persisted: TEST_Tamu_87d938
E   assert 'TEST_Tamu_87d938' == 'TEST_Tamu_Updated'
E     
E     - TEST_Tamu_Updated
E     + TEST_Tamu_87d938</failure></testcase><testcase classname="tests.test_bookings_edit.TestBookingCreateAndList" name="test_create_persists" time="0.246" /></testsuite></testsuites>