<?xml version="1.0" encoding="utf-8"?><testsuites name="pytest tests"><testsuite name="pytest" errors="0" failures="0" skipped="0" tests="5" time="4.463" timestamp="2026-06-30T10:30:28.015059+00:00" hostname="agent-env-46c6b82e-100b-4a90-a6a1-78c5a2aa1199"><testcase classname="tests.test_bookings_edit.TestBookingAuth" name="test_login_owner" time="1.018" /><testcase classname="tests.test_bookings_edit.TestBookingCancel" name="test_cancel_booking" time="1.041" /><testcase classname="tests.test_bookings_edit.TestBookingEdit" name="test_put_endpoint_exists" time="1.716" /><testcase classname="tests.test_bookings_edit.TestBookingEdit" name="test_update_persisted_via_get" time="0.240" /><testcase classname="tests.test_bookings_edit.TestBookingCreateAndList" name="test_create_persists" time="0.452" /></testsuite></testsuites>