<?xml version="1.0" encoding="utf-8"?><testsuites name="pytest tests"><testsuite name="pytest" errors="0" failures="0" skipped="0" tests="10" time="3.735" timestamp="2026-06-30T17:54:04.077398+00:00" hostname="agent-env-46c6b82e-100b-4a90-a6a1-78c5a2aa1199"><testcase classname="tests.test_iter20_cancel_revenue_manual_pay.TestPublicBankAccounts" name="test_no_auth_required" time="0.245" /><testcase classname="tests.test_iter20_cancel_revenue_manual_pay.TestPublicBankAccounts" name="test_default_two_banks" time="0.121" /><testcase classname="tests.test_iter20_cancel_revenue_manual_pay.TestCancellationRevenue" name="test_requires_auth" time="0.120" /><testcase classname="tests.test_iter20_cancel_revenue_manual_pay.TestCancellationRevenue" name="test_invalid_date_format" time="0.451" /><testcase classname="tests.test_iter20_cancel_revenue_manual_pay.TestCancellationRevenue" name="test_structure_and_30day_window" time="0.056" /><testcase classname="tests.test_iter20_cancel_revenue_manual_pay.TestCancellationRevenue" name="test_empty_window_future_returns_zero" time="0.066" /><testcase classname="tests.test_iter20_cancel_revenue_manual_pay.TestMarkPaidManual" name="test_404_not_found" time="0.055" /><testcase classname="tests.test_iter20_cancel_revenue_manual_pay.TestMarkPaidManual" name="test_requires_auth" time="0.418" /><testcase classname="tests.test_iter20_cancel_revenue_manual_pay.TestMarkPaidManual" name="test_mark_paid_manual_success_and_persistence" time="1.716" /><testcase classname="tests.test_iter20_cancel_revenue_manual_pay.TestMarkPaidManual" name="test_400_on_non_pending" time="0.297" /></testsuite></testsuites>