<?xml version="1.0" encoding="utf-8"?><testsuites name="pytest tests"><testsuite name="pytest" errors="0" failures="0" skipped="0" tests="23" time="3.958" timestamp="2026-07-01T02:28:38.000946+00:00" hostname="agent-env-46c6b82e-100b-4a90-a6a1-78c5a2aa1199"><testcase classname="tests.test_iter25_refactor_smoke.TestPublic" name="test_rooms_catalog" time="0.204" /><testcase classname="tests.test_iter25_refactor_smoke.TestPublic" name="test_bank_accounts" time="0.283" /><testcase classname="tests.test_iter25_refactor_smoke.TestPublic" name="test_availability" time="0.156" /><testcase classname="tests.test_iter25_refactor_smoke.TestReports" name="test_summary" time="0.660" /><testcase classname="tests.test_iter25_refactor_smoke.TestSmoke" name="test_root_ok" time="0.134" /><testcase classname="tests.test_iter25_refactor_smoke.TestReports" name="test_daily" time="0.131" /><testcase classname="tests.test_iter25_refactor_smoke.TestReports" name="test_rooms" time="0.381" /><testcase classname="tests.test_iter25_refactor_smoke.TestSmoke" name="test_auth_me" time="0.513" /><testcase classname="tests.test_iter25_refactor_smoke.TestReports" name="test_kasir_detail" time="0.126" /><testcase classname="tests.test_iter25_refactor_smoke.TestMisc" name="test_audit_log" time="0.172" /><testcase classname="tests.test_iter25_refactor_smoke.TestReports" name="test_items_sold" time="0.169" /><testcase classname="tests.test_iter25_refactor_smoke.TestMisc" name="test_housekeeping" time="0.126" /><testcase classname="tests.test_iter25_refactor_smoke.TestReports" name="test_top_products" time="0.186" /><testcase classname="tests.test_iter25_refactor_smoke.TestServicesExpenses" name="test_expense_crud" time="0.372" /><testcase classname="tests.test_iter25_refactor_smoke.TestReports" name="test_cancellation_revenue" time="0.118" /><testcase classname="tests.test_iter25_refactor_smoke.TestReports" name="test_booking_widgets" time="0.132" /><testcase classname="tests.test_iter25_refactor_smoke.TestReports" name="test_service_revenue" time="0.128" /><testcase classname="tests.test_iter25_refactor_smoke.TestServicesExpenses" name="test_service_crud" time="0.381" /><testcase classname="tests.test_iter25_refactor_smoke.TestProducts" name="test_products_count" time="0.125" /><testcase classname="tests.test_iter25_refactor_smoke.TestMidtrans" name="test_config_no_auth" time="0.118" /><testcase classname="tests.test_iter25_refactor_smoke.TestBookingsSmoke" name="test_list_bookings" time="0.119" /><testcase classname="tests.test_iter25_refactor_smoke.TestRooms" name="test_rooms_count_18" time="0.138" /><testcase classname="tests.test_iter25_refactor_smoke.TestEndToEnd" name="test_checkin_kasir_checkout_flow" time="0.655" /></testsuite></testsuites>