<?xml version="1.0" encoding="utf-8"?><testsuites name="pytest tests"><testsuite name="pytest" errors="0" failures="0" skipped="0" tests="16" time="5.714" timestamp="2026-07-01T01:27:48.461766+00:00" hostname="agent-env-46c6b82e-100b-4a90-a6a1-78c5a2aa1199"><testcase classname="tests.test_iter24_services.TestServiceCRUD" name="test_create_service_success" time="0.915" /><testcase classname="tests.test_iter24_services.TestReportsRegression" name="test_daily_has_service_column" time="1.452" /><testcase classname="tests.test_iter24_services.TestServiceCRUD" name="test_create_service_invalid_nominal" time="0.404" /><testcase classname="tests.test_iter24_services.TestServiceCRUD" name="test_create_service_empty_description" time="0.175" /><testcase classname="tests.test_iter24_services.TestReportsRegression" name="test_summary_has_service_fields" time="0.554" /><testcase classname="tests.test_iter24_services.TestServiceCRUD" name="test_create_service_no_auth" time="0.211" /><testcase classname="tests.test_iter24_services.TestServiceCRUD" name="test_list_services" time="0.220" /><testcase classname="tests.test_iter24_services.TestServiceCRUD" name="test_list_services_date_filter" time="0.191" /><testcase classname="tests.test_iter24_services.TestReportsRegression" name="test_expenses_regression" time="0.191" /><testcase classname="tests.test_iter24_services.TestServiceCRUD" name="test_list_services_date_filter_past" time="0.193" /><testcase classname="tests.test_iter24_services.TestReportsRegression" name="test_login_owner_resep_regression" time="1.254" /><testcase classname="tests.test_iter24_services.TestServiceCRUD" name="test_delete_service_forbidden_for_resep" time="1.665" /><testcase classname="tests.test_iter24_services.TestServiceRevenueReport" name="test_service_revenue_shape" time="0.169" /><testcase classname="tests.test_iter24_services.TestServiceRevenueReport" name="test_service_revenue_includes_created" time="0.559" /><testcase classname="tests.test_iter24_services.TestServiceCRUD" name="test_delete_service_owner_ok" time="0.540" /><testcase classname="tests.test_iter24_services.TestServiceCRUD" name="test_delete_service_not_found" time="0.142" /></testsuite></testsuites>