<?xml version="1.0" encoding="utf-8"?><testsuites name="pytest tests"><testsuite name="pytest" errors="0" failures="0" skipped="0" tests="13" time="4.836" timestamp="2026-06-30T16:15:30.182689+00:00" hostname="agent-env-46c6b82e-100b-4a90-a6a1-78c5a2aa1199"><testcase classname="tests.test_iter17_cancel_noshow.TestCancelWithFee" name="test_cancel_aktif_no_refund" time="1.240" /><testcase classname="tests.test_iter17_cancel_noshow.TestCancelWithFee" name="test_cancel_booking_pending_no_refund" time="0.421" /><testcase classname="tests.test_iter17_cancel_noshow.TestCancelWithFee" name="test_cancel_booking_paid_refund" time="0.344" /><testcase classname="tests.test_iter17_cancel_noshow.TestCancelWithFee" name="test_cancel_total_zero_no_crash" time="0.358" /><testcase classname="tests.test_iter17_cancel_noshow.TestCancelWithFee" name="test_cancel_not_found" time="0.165" /><testcase classname="tests.test_iter17_cancel_noshow.TestCancelWithFee" name="test_cancel_already_cancelled_400" time="0.299" /><testcase classname="tests.test_iter17_cancel_noshow.TestNoShow" name="test_noshow_booking_paid" time="0.438" /><testcase classname="tests.test_iter17_cancel_noshow.TestNoShow" name="test_noshow_booking_pending_400" time="0.310" /><testcase classname="tests.test_iter17_cancel_noshow.TestNoShow" name="test_noshow_aktif_400" time="0.291" /><testcase classname="tests.test_iter17_cancel_noshow.TestNoShow" name="test_noshow_not_found_404" time="0.148" /><testcase classname="tests.test_iter17_cancel_noshow.TestSmoke" name="test_booking_widgets" time="0.146" /><testcase classname="tests.test_iter17_cancel_noshow.TestSmoke" name="test_rooms_list" time="0.122" /><testcase classname="tests.test_iter17_cancel_noshow.TestSmoke" name="test_summary" time="0.159" /></testsuite></testsuites>