<?xml version="1.0" encoding="utf-8"?><testsuites name="pytest tests"><testsuite name="pytest" errors="0" failures="0" skipped="0" tests="3" time="1.527" timestamp="2026-06-30T18:05:31.754983+00:00" hostname="agent-env-46c6b82e-100b-4a90-a6a1-78c5a2aa1199"><testcase classname="tests.test_iter21_bri_only" name="test_public_bank_accounts_bri_only" time="0.186" /><testcase classname="tests.test_iter21_bri_only" name="test_no_bca_or_mandiri" time="0.122" /><testcase classname="tests.test_iter21_bri_only" name="test_instruksi_present" time="0.127" /></testsuite></testsuites>