<?xml version="1.0" encoding="utf-8"?><testsuites name="pytest tests"><testsuite name="pytest" errors="3" failures="13" skipped="0" tests="147" time="41.774" timestamp="2026-07-01T02:26:32.580554+00:00" hostname="agent-env-46c6b82e-100b-4a90-a6a1-78c5a2aa1199"><testcase classname="tests.test_midtrans" name="test_midtrans_config" time="0.148" /><testcase classname="tests.test_iter24_services.TestServiceCRUD" name="test_create_service_success" time="0.712" /><testcase classname="tests.test_iter24_services.TestServiceCRUD" name="test_create_service_invalid_nominal" time="0.245" /><testcase classname="tests.test_midtrans" name="test_create_snap_token_dp50" time="1.797" /><testcase classname="tests.test_iter24_services.TestServiceCRUD" name="test_create_service_empty_description" time="0.875" /><testcase classname="tests.test_iter24_services.TestServiceCRUD" name="test_create_service_no_auth" time="0.158" /><testcase classname="tests.test_midtrans" name="test_create_snap_token_full" time="0.957" /><testcase classname="tests.test_iter24_services.TestServiceCRUD" name="test_list_services" time="0.914" /><testcase classname="tests.test_midtrans" name="test_create_snap_token_booking_not_found" time="0.056" /><testcase classname="tests.test_iter24_services.TestServiceCRUD" name="test_list_services_date_filter" time="0.116" /><testcase classname="tests.test_midtrans" name="test_create_snap_token_invalid_option" time="0.213" /><testcase classname="tests.test_iter24_services.TestServiceCRUD" name="test_list_services_date_filter_past" time="0.120" /><testcase classname="tests.test_midtrans" name="test_create_snap_token_wrong_status" time="1.613" /><testcase classname="tests.test_iter24_services.TestServiceCRUD" name="test_delete_service_forbidden_for_resep" time="1.629" /><testcase classname="tests.test_iter24_services.TestServiceCRUD" name="test_delete_service_owner_ok" time="0.446" /><testcase classname="tests.test_midtrans" name="test_webhook_invalid_signature" time="0.047" /><testcase classname="tests.test_midtrans" name="test_webhook_missing_fields" time="0.075" /><testcase classname="tests.test_midtrans" name="test_webhook_settlement" time="1.728" /><testcase classname="tests.test_iter24_services.TestServiceCRUD" name="test_delete_service_not_found" time="0.164" /><testcase classname="tests.test_iter22_collect_checkin.TestCollectBalance" name="test_happy_path_full_collect" time="1.424" /><testcase classname="tests.test_midtrans" name="test_webhook_pending" time="1.357" /><testcase classname="tests.test_iter22_collect_checkin.TestCollectBalance" name="test_partial_collect_qris" time="1.036" /><testcase classname="tests.test_iter22_collect_checkin.TestCollectBalance" name="test_nominal_too_big_400" time="0.298" /><testcase classname="tests.test_midtrans" name="test_webhook_expire" time="1.313" /><testcase classname="tests.test_iter22_collect_checkin.TestCollectBalance" name="test_invalid_metode_400" time="1.184" /><testcase classname="tests.test_midtrans" name="test_webhook_deny" time="1.278" /><testcase classname="tests.test_iter22_collect_checkin.TestCollectBalance" name="test_already_lunas_400" time="0.256" /><testcase classname="tests.test_iter22_collect_checkin.TestCollectBalance" name="test_booking_pending_400" time="1.090" /><testcase classname="tests.test_midtrans" name="test_webhook_idempotent" time="1.426" /><testcase classname="tests.test_iter22_collect_checkin.TestCollectBalance" name="test_no_auth_401" time="0.323" /><testcase classname="tests.test_phase_ab.TestPublicEndpoints" name="test_catalog_no_auth" time="0.804" /><testcase classname="tests.test_phase_ab.TestPublicEndpoints" name="test_availability_no_auth" time="0.136" /><testcase classname="tests.test_phase_ab.TestPublicEndpoints" name="test_availability_bad_date" time="0.227" /><testcase classname="tests.test_midtrans" name="test_get_status_not_found" time="0.050" /><testcase classname="tests.test_phase_ab.TestPublicEndpoints" name="test_public_booking_standard_calc" time="1.073"><failure message="AssertionError: {&quot;detail&quot;:&quot;Kamar tidak tersedia&quot;}&#10;assert 400 == 200&#10; +  where 400 = &lt;Response [400]&gt;.status_code">E   AssertionError: {"detail":"Kamar tidak tersedia"}
    assert 400 == 200
     +  where 400 = &lt;Response [400]&gt;.status_code</failure></testcase><testcase classname="tests.test_iter17_cancel_noshow.TestCancelWithFee" name="test_cancel_aktif_no_refund" time="1.100" /><testcase classname="tests.test_iter17_cancel_noshow.TestCancelWithFee" name="test_cancel_booking_pending_no_refund" time="0.269" /><testcase classname="tests.test_phase_ab.TestPublicEndpoints" name="test_public_booking_cottage_calc" time="0.464" /><testcase classname="tests.test_iter17_cancel_noshow.TestCancelWithFee" name="test_cancel_booking_paid_refund" time="0.338" /><testcase classname="tests.test_phase_ab.TestPublicEndpoints" name="test_public_booking_invalid_date" time="0.126" /><testcase classname="tests.test_iter17_cancel_noshow.TestCancelWithFee" name="test_cancel_total_zero_no_crash" time="0.278" /><testcase classname="tests.test_phase_ab.TestPublicEndpoints" name="test_public_booking_room_not_kosong" time="0.283" /><testcase classname="tests.test_iter17_cancel_noshow.TestCancelWithFee" name="test_cancel_not_found" time="0.124" /><testcase classname="tests.test_iter17_cancel_noshow.TestCancelWithFee" name="test_cancel_already_cancelled_400" time="0.517" /><testcase classname="tests.test_iter19_reschedule.TestSmokeRegression" name="test_create_booking_persists_total_source" time="0.554" /><testcase classname="tests.test_iter19_reschedule.TestSmokeRegression" name="test_cancel_with_fee_aktif" time="0.175" /><testcase classname="tests.test_iter19_reschedule.TestSmokeRegression" name="test_cancel_with_fee_pending" time="0.370" /><testcase classname="tests.test_iter23_expenses.TestReportsSmoke" name="test_daily" time="0.497" /><testcase classname="tests.test_iter23_expenses.TestReportsSmoke" name="test_rooms" time="0.056" /><testcase classname="tests.test_iter19_reschedule.TestSmokeRegression" name="test_cancel_with_fee_paid" time="0.183" /><testcase classname="tests.test_iter23_expenses.TestReportsSmoke" name="test_kasir_detail" time="0.068" /><testcase classname="tests.test_iter23_expenses.TestReportsSmoke" name="test_items_sold" time="0.122" /><testcase classname="tests.test_iter19_reschedule.TestSmokeRegression" name="test_no_show" time="0.183" /><testcase classname="tests.test_iter23_expenses.TestReportsSmoke" name="test_top_products" time="0.053" /><testcase classname="tests.test_iter23_expenses.TestReportsSmoke" name="test_cancellation_revenue" time="0.055" /><testcase classname="tests.test_iter19_reschedule.TestSmokeRegression" name="test_audit_log_has_cancel_with_fee_entries" time="0.100" /><testcase classname="tests.test_iter19_reschedule.TestRescheduleStatusGuard" name="test_reschedule_aktif_ok" time="0.921" /><testcase classname="tests.test_iteration10_overlap" name="test_internal_create_overlap_blocked_by_pending" time="1.275" /><testcase classname="tests.test_iter19_reschedule.TestRescheduleStatusGuard" name="test_reschedule_booking_pending_ok" time="0.132" /><testcase classname="tests.test_iter19_reschedule.TestRescheduleStatusGuard" name="test_reschedule_booking_paid_ok" time="0.173" /><testcase classname="tests.test_iter19_reschedule.TestRescheduleStatusGuard" name="test_reschedule_cancelled_rejected" time="0.168" /><testcase classname="tests.test_iter19_reschedule.TestRescheduleStatusGuard" name="test_reschedule_no_show_rejected" time="0.133" /><testcase classname="tests.test_iteration10_overlap" name="test_internal_create_succeeds_after_public_deleted" time="1.138" /><testcase classname="tests.test_phase_d.TestCancelWithFee" name="test_unauthorized" time="0.138" /><testcase classname="tests.test_phase_d.TestCancelWithFee" name="test_booking_not_found" time="0.641" /><testcase classname="tests.test_phase_d.TestCancelWithFee" name="test_cancel_with_fee_success" time="0.286" /><testcase classname="tests.test_iteration10_overlap" name="test_update_booking_overlap_blocked_by_pending" time="1.023" /><testcase classname="tests.test_phase_d.TestCancelWithFee" name="test_cancel_with_fee_too_late" time="0.204"><failure message="AssertionError: {&quot;ok&quot;:true,&quot;refund_amount&quot;:90000,&quot;fee&quot;:10000,&quot;original_paid&quot;:100000,&quot;original_total&quot;:100000,&quot;booking_kode&quot;:&quot;BK-20260701022651-0CE6&quot;,&quot;previous_status&quot;:&quot;booking_paid&quot;}&#10;assert 200 == 400&#10; +  where 200 = &lt;Response [200]&gt;.status_code">E   AssertionError: {"ok":true,"refund_amount":90000,"fee":10000,"original_paid":100000,"original_total":100000,"booking_kode":"BK-20260701022651-0CE6","previous_status":"booking_paid"}
    assert 200 == 400
     +  where 200 = &lt;Response [200]&gt;.status_code</failure></testcase><testcase classname="tests.test_phase_d.TestCancelWithFee" name="test_cancel_with_fee_wrong_status" time="0.242"><failure message="AssertionError: {&quot;ok&quot;:true,&quot;refund_amount&quot;:0,&quot;fee&quot;:12360,&quot;original_paid&quot;:0,&quot;original_total&quot;:123600,&quot;booking_kode&quot;:&quot;BK-20260701022652-9BD0&quot;,&quot;previous_status&quot;:&quot;aktif&quot;}&#10;assert 200 == 400&#10; +  where 200 = &lt;Response [200]&gt;.status_code">E   AssertionError: {"ok":true,"refund_amount":0,"fee":12360,"original_paid":0,"original_total":123600,"booking_kode":"BK-20260701022652-9BD0","previous_status":"aktif"}
    assert 200 == 400
     +  where 200 = &lt;Response [200]&gt;.status_code</failure></testcase><testcase classname="tests.test_iteration10_overlap" name="test_public_booking_service_fee_smoke" time="0.404" /><testcase classname="tests.test_iter17_cancel_noshow.TestNoShow" name="test_noshow_booking_paid" time="1.166" /><testcase classname="tests.test_iteration10_overlap" name="test_availability_smoke" time="0.175" /><testcase classname="tests.test_iteration10_overlap" name="test_availability_marks_public_booking" time="0.434" /><testcase classname="tests.test_iter17_cancel_noshow.TestNoShow" name="test_noshow_booking_pending_400" time="0.302" /><testcase classname="tests.test_iter17_cancel_noshow.TestNoShow" name="test_noshow_aktif_400" time="0.296" /><testcase classname="tests.test_iter20_cancel_revenue_manual_pay.TestCancellationRevenue" name="test_requires_auth" time="0.135" /><testcase classname="tests.test_iter17_cancel_noshow.TestNoShow" name="test_noshow_not_found_404" time="0.342" /><testcase classname="tests.test_iter20_cancel_revenue_manual_pay.TestCancellationRevenue" name="test_invalid_date_format" time="0.524" /><testcase classname="tests.test_iter20_cancel_revenue_manual_pay.TestCancellationRevenue" name="test_structure_and_30day_window" time="0.065" /><testcase classname="tests.test_iter20_cancel_revenue_manual_pay.TestCancellationRevenue" name="test_empty_window_future_returns_zero" time="0.320" /><testcase classname="tests.test_iter20_cancel_revenue_manual_pay.TestMarkPaidManual" name="test_404_not_found" time="0.523" /><testcase classname="tests.test_iter20_cancel_revenue_manual_pay.TestMarkPaidManual" name="test_requires_auth" time="0.369"><error message="failed on setup with &quot;AssertionError: {&quot;detail&quot;:&quot;Kamar tidak tersedia&quot;}&#10;assert 400 in (200, 201)&#10; +  where 400 = &lt;Response [400]&gt;.status_code&quot;">E   AssertionError: {"detail":"Kamar tidak tersedia"}
    assert 400 in (200, 201)
     +  where 400 = &lt;Response [400]&gt;.status_code</error></testcase><testcase classname="tests.test_iter23_expenses.TestExpensesEndpoints" name="test_list_expenses_returns_list" time="0.519" /><testcase classname="tests.test_iter23_expenses.TestExpensesEndpoints" name="test_list_expenses_range_filter" time="0.050" /><testcase classname="tests.test_iter23_expenses.TestExpensesEndpoints" name="test_create_and_verify_expense_persistence" time="0.210" /><testcase classname="tests.test_iter20_cancel_revenue_manual_pay.TestMarkPaidManual" name="test_mark_paid_manual_success_and_persistence" time="0.172"><error message="failed on setup with &quot;AssertionError: {&quot;detail&quot;:&quot;Kamar tidak tersedia&quot;}&#10;assert 400 in (200, 201)&#10; +  where 400 = &lt;Response [400]&gt;.status_code&quot;">E   AssertionError: {"detail":"Kamar tidak tersedia"}
    assert 400 in (200, 201)
     +  where 400 = &lt;Response [400]&gt;.status_code</error></testcase><testcase classname="tests.test_iter20_cancel_revenue_manual_pay.TestMarkPaidManual" name="test_400_on_non_pending" time="0.130"><error message="failed on setup with &quot;AssertionError: {&quot;detail&quot;:&quot;Kamar tidak tersedia&quot;}&#10;assert 400 in (200, 201)&#10; +  where 400 = &lt;Response [400]&gt;.status_code&quot;">E   AssertionError: {"detail":"Kamar tidak tersedia"}
    assert 400 in (200, 201)
     +  where 400 = &lt;Response [400]&gt;.status_code</error></testcase><testcase classname="tests.test_iter23_expenses.TestExpensesEndpoints" name="test_list_expenses_requires_auth" time="0.348" /><testcase classname="tests.test_iter24_services.TestReportsRegression" name="test_daily_has_service_column" time="0.977" /><testcase classname="tests.test_iter17_cancel_noshow.TestSmoke" name="test_booking_widgets" time="0.649" /><testcase classname="tests.test_iter24_services.TestReportsRegression" name="test_summary_has_service_fields" time="0.453" /><testcase classname="tests.test_iter17_cancel_noshow.TestSmoke" name="test_rooms_list" time="0.127" /><testcase classname="tests.test_iter17_cancel_noshow.TestSmoke" name="test_summary" time="0.149" /><testcase classname="tests.test_iter24_services.TestReportsRegression" name="test_expenses_regression" time="0.317" /><testcase classname="tests.test_iter24_services.TestReportsRegression" name="test_login_owner_resep_regression" time="0.825" /><testcase classname="tests.test_iter18_booking_fields.TestCancelUsesRealTotal" name="test_pending_fee_nonzero_no_refund" time="1.627" /><testcase classname="tests.test_iter21_bri_only" name="test_public_bank_accounts_bri_only" time="0.121" /><testcase classname="tests.test_iter21_bri_only" name="test_no_bca_or_mandiri" time="0.124" /><testcase classname="tests.test_iter21_bri_only" name="test_instruksi_present" time="0.124" /><testcase classname="tests.test_iter18_booking_fields.TestCancelUsesRealTotal" name="test_paid_fee_and_refund" time="0.624" /><testcase classname="tests.test_iter22_collect_checkin.TestCheckinFromBooking" name="test_happy_checkin" time="0.782" /><testcase classname="tests.test_iter18_booking_fields.TestCancelUsesRealTotal" name="test_aktif_fresh_booking_uses_total" time="0.282" /><testcase classname="tests.test_iter22_collect_checkin.TestCheckinFromBooking" name="test_not_booking_paid_400" time="0.129"><failure message="TypeError: 'NoneType' object is not subscriptable">E   TypeError: 'NoneType' object is not subscriptable

During handling of the above exception, another exception occurred:
E   TypeError: 'NoneType' object is not subscriptable</failure></testcase><testcase classname="tests.test_iter22_collect_checkin.TestSmokeRegression" name="test_mark_paid_manual_still_works" time="0.323" /><testcase classname="tests.test_iter22_collect_checkin.TestCheckinFromBooking" name="test_room_not_kosong_400" time="0.352" /><testcase classname="tests.test_iter22_collect_checkin.TestSmokeRegression" name="test_cancellation_revenue_endpoint" time="0.129" /><testcase classname="tests.test_iter22_collect_checkin.TestSmokeRegression" name="test_public_bank_accounts" time="0.316" /><testcase classname="tests.test_move_room.TestMoveRoomValidations" name="test_same_room_400" time="1.259" /><testcase classname="tests.test_phase_d.TestBookingWidgets" name="test_unauthorized" time="0.120" /><testcase classname="tests.test_phase_d.TestBookingWidgets" name="test_widgets_shape_and_numeric" time="0.565" /><testcase classname="tests.test_phase_d.TestBookingWidgets" name="test_midtrans_sum_uses_todouble" time="0.068" /><testcase classname="tests.test_move_room.TestMoveRoomValidations" name="test_source_kosong_rejected_400" time="0.597" /><testcase classname="tests.test_move_room.TestMoveRoomValidations" name="test_target_not_kosong_rejected_400" time="1.025" /><testcase classname="tests.test_bookings_edit.TestBookingEdit" name="test_put_endpoint_exists" time="0.876" /><testcase classname="tests.test_bookings_edit.TestBookingEdit" name="test_update_persisted_via_get" time="0.281" /><testcase classname="tests.test_iter14_fixes.TestWidgetWalkinFromCheckins" name="test_checkin_increments_walkin_only" time="1.026" /><testcase classname="tests.test_iter16_availability_and_refund.TestAvailabilityFuture" name="test_cottage_future_returns_8_minus_maintenance_minus_overlap" time="0.656"><failure message="AssertionError: Mismatch — returned={'aebceec4-08a8-4a52-8988-fa7c71c83b9f', '39370907-7387-430f-8057-042ffbe7628f', '7196fe4e-0128-460d-afd2-79ed653a7f32', 'c84b92c3-54eb-480e-a0ff-f5abca169bc7', '2b837ee7-7f0c-4c7f-9eda-a2563178f401', '5e59cc19-a19f-4e34-8ea8-b31e76fc58af', '9dafe236-3700-46af-ac20-b8ac1d06d057'}, expected={'aebceec4-08a8-4a52-8988-fa7c71c83b9f', '39370907-7387-430f-8057-042ffbe7628f', '01600b5c-0847-4d96-8ebf-64069342570e', '7196fe4e-0128-460d-afd2-79ed653a7f32', 'c84b92c3-54eb-480e-a0ff-f5abca169bc7', '2b837ee7-7f0c-4c7f-9eda-a2563178f401', '5e59cc19-a19f-4e34-8ea8-b31e76fc58af', '9dafe236-3700-46af-ac20-b8ac1d06d057'}, all_cottage=['1', '2', '3', '4', '5', '6', '7', '8'], maint=set(), overlap={'437445c6-4d16-41a6-af73-ab36c2f59e4a'}&#10;assert {'2b837ee7-7f...1c83b9f', ...} == {'01600b5c-08...d06d057', ...}&#10;  &#10;  Extra items in the right set:&#10;  '01600b5c-0847-4d96-8ebf-64069342570e'&#10;  Use -v to get more diff">E   AssertionError: Mismatch — returned={'aebceec4-08a8-4a52-8988-fa7c71c83b9f', '39370907-7387-430f-8057-042ffbe7628f', '7196fe4e-0128-460d-afd2-79ed653a7f32', 'c84b92c3-54eb-480e-a0ff-f5abca169bc7', '2b837ee7-7f0c-4c7f-9eda-a2563178f401', '5e59cc19-a19f-4e34-8ea8-b31e76fc58af', '9dafe236-3700-46af-ac20-b8ac1d06d057'}, expected={'aebceec4-08a8-4a52-8988-fa7c71c83b9f', '39370907-7387-430f-8057-042ffbe7628f', '01600b5c-0847-4d96-8ebf-64069342570e', '7196fe4e-0128-460d-afd2-79ed653a7f32', 'c84b92c3-54eb-480e-a0ff-f5abca169bc7', '2b837ee7-7f0c-4c7f-9eda-a2563178f401', '5e59cc19-a19f-4e34-8ea8-b31e76fc58af', '9dafe236-3700-46af-ac20-b8ac1d06d057'}, all_cottage=['1', '2', '3', '4', '5', '6', '7', '8'], maint=set(), overlap={'437445c6-4d16-41a6-af73-ab36c2f59e4a'}
    assert {'2b837ee7-7f...1c83b9f', ...} == {'01600b5c-08...d06d057', ...}
      
      Extra items in the right set:
      '01600b5c-0847-4d96-8ebf-64069342570e'
      Use -v to get more diff</failure></testcase><testcase classname="tests.test_iter14_fixes.TestWidgetWalkinFromCheckins" name="test_public_booking_increments_online_not_walkin" time="0.265"><failure message="AssertionError: {&quot;detail&quot;:&quot;Kamar tidak tersedia&quot;}&#10;assert 400 in (200, 201)&#10; +  where 400 = &lt;Response [400]&gt;.status_code">E   AssertionError: {"detail":"Kamar tidak tersedia"}
    assert 400 in (200, 201)
     +  where 400 = &lt;Response [400]&gt;.status_code</failure></testcase><testcase classname="tests.test_iter16_availability_and_refund.TestAvailabilityFuture" name="test_standard_future_includes_day_use_rooms" time="0.204" /><testcase classname="tests.test_iter16_availability_and_refund.TestCancelWithFee" name="test_cancel_with_fee_rejects_non_paid" time="0.988"><failure message="assert 200 == 400&#10; +  where 200 = &lt;Response [200]&gt;.status_code">E   assert 200 == 400
     +  where 200 = &lt;Response [200]&gt;.status_code</failure></testcase><testcase classname="tests.test_iter18_booking_fields.TestCreateBookingFields" name="test_create_returns_subtotal_service_fee_total_source" time="0.820" /><testcase classname="tests.test_iter18_booking_fields.TestCreateBookingFields" name="test_get_booking_persists_fields" time="0.334" /><testcase classname="tests.test_iter16_availability_and_refund.TestCancelWithFee" name="test_cancel_with_fee_happy_path" time="0.338"><failure message="assert 200 == 400&#10; +  where 200 = &lt;Response [200]&gt;.status_code">E   assert 200 == 400
     +  where 200 = &lt;Response [200]&gt;.status_code</failure></testcase><testcase classname="tests.test_iter18_booking_fields.TestReportsCancelledQueryable" name="test_cancelled_bookings_queryable" time="0.762" /><testcase classname="tests.test_iter19_reschedule.TestRescheduleOverlap" name="test_paid_reschedule_into_taken_slot_rejected" time="0.955" /><testcase classname="tests.test_iter18_booking_fields.TestReportsCancelledQueryable" name="test_booking_widgets_smoke" time="0.179" /><testcase classname="tests.test_iter19_reschedule.TestRescheduleOverlap" name="test_paid_reschedule_into_free_slot_ok" time="0.160" /><testcase classname="tests.test_iter20_cancel_revenue_manual_pay.TestPublicBankAccounts" name="test_no_auth_required" time="0.301" /><testcase classname="tests.test_iter20_cancel_revenue_manual_pay.TestPublicBankAccounts" name="test_default_two_banks" time="0.131"><failure message="AssertionError: BCA missing: {'BRI': {'bank': 'BRI', 'nomor': '464001008162533', 'atas_nama': 'Pelangi Homestay'}}&#10;assert 'BCA' in {'BRI': {'bank': 'BRI', 'nomor': '464001008162533', 'atas_nama': 'Pelangi Homestay'}}">E   AssertionError: BCA missing: {'BRI': {'bank': 'BRI', 'nomor': '464001008162533', 'atas_nama': 'Pelangi Homestay'}}
    assert 'BCA' in {'BRI': {'bank': 'BRI', 'nomor': '464001008162533', 'atas_nama': 'Pelangi Homestay'}}</failure></testcase><testcase classname="tests.test_iter24_services.TestServiceRevenueReport" name="test_service_revenue_shape" time="0.560" /><testcase classname="tests.test_iter24_services.TestServiceRevenueReport" name="test_service_revenue_includes_created" time="0.672" /><testcase classname="tests.test_phase_ab.TestBookingAvailability" name="test_availability_returns_slots" time="0.673" /><testcase classname="tests.test_phase_ab.TestBookingAvailability" name="test_availability_marks_booked_date" time="0.440" /><testcase classname="tests.test_phase_ab.TestServiceFeeCheckout" name="test_checkin_checkout_includes_service_fee" time="0.121"><failure message="AssertionError: {&quot;detail&quot;:&quot;Kamar belum tersedia dan tidak dapat digunakan untuk check-in.&quot;}&#10;assert 400 == 200&#10; +  where 400 = &lt;Response [400]&gt;.status_code">E   AssertionError: {"detail":"Kamar belum tersedia dan tidak dapat digunakan untuk check-in."}
    assert 400 == 200
     +  where 400 = &lt;Response [400]&gt;.status_code</failure></testcase><testcase classname="tests.test_phase_ab.TestServiceFeeCheckout" name="test_checkout_insufficient_payment_400" time="0.871" /><testcase classname="tests.test_bookings_edit.TestBookingAuth" name="test_login_owner" time="0.399" /><testcase classname="tests.test_bookings_edit.TestBookingCreateAndList" name="test_create_persists" time="0.725" /><testcase classname="tests.test_bookings_edit.TestBookingCancel" name="test_cancel_booking" time="1.096"><failure message="assert False&#10; +  where False = any(&lt;generator object TestBookingCancel.test_cancel_booking.&lt;locals&gt;.&lt;genexpr&gt; at 0x7a9504c57060&gt;)">E   assert False
     +  where False = any(&lt;generator object TestBookingCancel.test_cancel_booking.&lt;locals&gt;.&lt;genexpr&gt; at 0x7a9504c57060&gt;)</failure></testcase><testcase classname="tests.test_iter14_fixes.TestBookingCancelSmoke" name="test_public_booking_then_cancel" time="0.722" /><testcase classname="tests.test_iter14_fixes.TestRoomsCatalog" name="test_catalog_groups_and_prices" time="0.162" /><testcase classname="tests.test_iter16_availability_and_refund.TestAvailabilityToday" name="test_today_only_kosong" time="0.906" /><testcase classname="tests.test_iter16_availability_and_refund.TestMaintenanceExcluded" name="test_set_maintenance_then_absent_in_future_avail" time="0.998" /><testcase classname="tests.test_iter18_booking_fields.TestNoShowSmoke" name="test_no_show_still_works" time="1.149" /><testcase classname="tests.test_iter18_booking_fields.TestAuditLog" name="test_cancel_logs_activity" time="1.146" /><testcase classname="tests.test_move_room.TestMoveRoomMenginap" name="test_menginap_move_success" time="1.637" /><testcase classname="tests.test_move_room.TestMoveRoomDayUse" name="test_day_use_move_updates_checkin" time="0.858"><failure message="AssertionError: Failed to create checkin: {&quot;detail&quot;:&quot;Kamar belum tersedia dan tidak dapat digunakan untuk check-in.&quot;}&#10;assert 400 == 200&#10; +  where 400 = &lt;Response [400]&gt;.status_code">E   AssertionError: Failed to create checkin: {"detail":"Kamar belum tersedia dan tidak dapat digunakan untuk check-in."}
    assert 400 == 200
     +  where 400 = &lt;Response [400]&gt;.status_code</failure></testcase><testcase classname="tests.test_move_room.TestBookingRescheduleAndCancel" name="test_create_then_reschedule_then_cancel" time="0.777"><failure message="assert False&#10; +  where False = any(&lt;generator object TestBookingRescheduleAndCancel.test_create_then_reschedule_then_cancel.&lt;locals&gt;.&lt;genexpr&gt; at 0x7a9504c56f80&gt;)">E   assert False
     +  where False = any(&lt;generator object TestBookingRescheduleAndCancel.test_create_then_reschedule_then_cancel.&lt;locals&gt;.&lt;genexpr&gt; at 0x7a9504c56f80&gt;)</failure></testcase></testsuite></testsuites>