<?xml version="1.0" encoding="utf-8"?><testsuites name="pytest tests"><testsuite name="pytest" errors="0" failures="0" skipped="1" tests="6" time="3.034" timestamp="2026-06-30T16:00:07.171299+00:00" hostname="agent-env-46c6b82e-100b-4a90-a6a1-78c5a2aa1199"><testcase classname="tests.test_iter16_availability_and_refund.TestAvailabilityFuture" name="test_cottage_future_returns_8_minus_maintenance_minus_overlap" time="0.989" /><testcase classname="tests.test_iter16_availability_and_refund.TestAvailabilityFuture" name="test_standard_future_includes_day_use_rooms" time="0.067"><skipped type="pytest.skip" message="No non-kosong/non-maintenance standard room available to test inclusion">/app/backend/tests/test_iter16_availability_and_refund.py:98: No non-kosong/non-maintenance standard room available to test inclusion</skipped></testcase><testcase classname="tests.test_iter16_availability_and_refund.TestMaintenanceExcluded" name="test_set_maintenance_then_absent_in_future_avail" time="0.378" /><testcase classname="tests.test_iter16_availability_and_refund.TestAvailabilityToday" name="test_today_only_kosong" time="0.422" /><testcase classname="tests.test_iter16_availability_and_refund.TestCancelWithFee" name="test_cancel_with_fee_rejects_non_paid" time="0.400" /><testcase classname="tests.test_iter16_availability_and_refund.TestCancelWithFee" name="test_cancel_with_fee_happy_path" time="0.402" /></testsuite></testsuites>