<?xml version="1.0" encoding="utf-8"?><testsuites name="pytest tests"><testsuite name="pytest" errors="0" failures="0" skipped="0" tests="13" time="2.765" timestamp="2026-06-30T17:29:39.023218+00:00" hostname="agent-env-46c6b82e-100b-4a90-a6a1-78c5a2aa1199"><testcase classname="tests.test_iter19_reschedule.TestRescheduleStatusGuard" name="test_reschedule_aktif_ok" time="0.789" /><testcase classname="tests.test_iter19_reschedule.TestRescheduleStatusGuard" name="test_reschedule_booking_pending_ok" time="0.142" /><testcase classname="tests.test_iter19_reschedule.TestRescheduleStatusGuard" name="test_reschedule_booking_paid_ok" time="0.144" /><testcase classname="tests.test_iter19_reschedule.TestRescheduleStatusGuard" name="test_reschedule_cancelled_rejected" time="0.132" /><testcase classname="tests.test_iter19_reschedule.TestRescheduleStatusGuard" name="test_reschedule_no_show_rejected" time="0.134" /><testcase classname="tests.test_iter19_reschedule.TestRescheduleOverlap" name="test_paid_reschedule_into_taken_slot_rejected" time="0.196" /><testcase classname="tests.test_iter19_reschedule.TestRescheduleOverlap" name="test_paid_reschedule_into_free_slot_ok" time="0.139" /><testcase classname="tests.test_iter19_reschedule.TestSmokeRegression" name="test_create_booking_persists_total_source" time="0.075" /><testcase classname="tests.test_iter19_reschedule.TestSmokeRegression" name="test_cancel_with_fee_aktif" time="0.121" /><testcase classname="tests.test_iter19_reschedule.TestSmokeRegression" name="test_cancel_with_fee_pending" time="0.150" /><testcase classname="tests.test_iter19_reschedule.TestSmokeRegression" name="test_cancel_with_fee_paid" time="0.131" /><testcase classname="tests.test_iter19_reschedule.TestSmokeRegression" name="test_no_show" time="0.133" /><testcase classname="tests.test_iter19_reschedule.TestSmokeRegression" name="test_audit_log_has_cancel_with_fee_entries" time="0.086" /></testsuite></testsuites>