<?xml version="1.0" encoding="utf-8"?><testsuites name="pytest tests"><testsuite name="pytest" errors="0" failures="0" skipped="0" tests="10" time="1.517" timestamp="2026-07-01T00:51:21.788945+00:00" hostname="agent-env-46c6b82e-100b-4a90-a6a1-78c5a2aa1199"><testcase classname="tests.test_iter23_expenses.TestExpensesEndpoints" name="test_list_expenses_returns_list" time="0.621" /><testcase classname="tests.test_iter23_expenses.TestExpensesEndpoints" name="test_list_expenses_range_filter" time="0.054" /><testcase classname="tests.test_iter23_expenses.TestExpensesEndpoints" name="test_create_and_verify_expense_persistence" time="0.167" /><testcase classname="tests.test_iter23_expenses.TestExpensesEndpoints" name="test_list_expenses_requires_auth" time="0.172" /><testcase classname="tests.test_iter23_expenses.TestReportsSmoke" name="test_daily" time="0.062" /><testcase classname="tests.test_iter23_expenses.TestReportsSmoke" name="test_rooms" time="0.053" /><testcase classname="tests.test_iter23_expenses.TestReportsSmoke" name="test_kasir_detail" time="0.054" /><testcase classname="tests.test_iter23_expenses.TestReportsSmoke" name="test_items_sold" time="0.056" /><testcase classname="tests.test_iter23_expenses.TestReportsSmoke" name="test_top_products" time="0.051" /><testcase classname="tests.test_iter23_expenses.TestReportsSmoke" name="test_cancellation_revenue" time="0.055" /></testsuite></testsuites>