<?xml version="1.0" encoding="utf-8"?><testsuites name="pytest tests"><testsuite name="pytest" errors="0" failures="0" skipped="0" tests="6" time="4.366" timestamp="2026-06-30T13:01:39.121162+00:00" hostname="agent-env-46c6b82e-100b-4a90-a6a1-78c5a2aa1199"><testcase classname="tests.test_iteration10_overlap" name="test_internal_create_overlap_blocked_by_pending" time="0.950" /><testcase classname="tests.test_iteration10_overlap" name="test_internal_create_succeeds_after_public_deleted" time="0.829" /><testcase classname="tests.test_iteration10_overlap" name="test_update_booking_overlap_blocked_by_pending" time="0.613" /><testcase classname="tests.test_iteration10_overlap" name="test_public_booking_service_fee_smoke" time="0.253" /><testcase classname="tests.test_iteration10_overlap" name="test_availability_smoke" time="0.112" /><testcase classname="tests.test_iteration10_overlap" name="test_availability_marks_public_booking" time="0.352" /></testsuite></testsuites>