<?xml version="1.0" encoding="utf-8"?><testsuites name="pytest tests"><testsuite name="pytest" errors="0" failures="0" skipped="0" tests="13" time="5.160" timestamp="2026-06-30T18:24:08.419595+00:00" hostname="agent-env-46c6b82e-100b-4a90-a6a1-78c5a2aa1199"><testcase classname="tests.test_iter22_collect_checkin.TestCollectBalance" name="test_happy_path_full_collect" time="0.990" /><testcase classname="tests.test_iter22_collect_checkin.TestCollectBalance" name="test_partial_collect_qris" time="0.320" /><testcase classname="tests.test_iter22_collect_checkin.TestCollectBalance" name="test_nominal_too_big_400" time="0.327" /><testcase classname="tests.test_iter22_collect_checkin.TestCollectBalance" name="test_invalid_metode_400" time="0.282" /><testcase classname="tests.test_iter22_collect_checkin.TestCollectBalance" name="test_already_lunas_400" time="0.323" /><testcase classname="tests.test_iter22_collect_checkin.TestCollectBalance" name="test_booking_pending_400" time="0.322" /><testcase classname="tests.test_iter22_collect_checkin.TestCollectBalance" name="test_no_auth_401" time="0.316" /><testcase classname="tests.test_iter22_collect_checkin.TestCheckinFromBooking" name="test_happy_checkin" time="0.380" /><testcase classname="tests.test_iter22_collect_checkin.TestCheckinFromBooking" name="test_not_booking_paid_400" time="0.292" /><testcase classname="tests.test_iter22_collect_checkin.TestCheckinFromBooking" name="test_room_not_kosong_400" time="0.488" /><testcase classname="tests.test_iter22_collect_checkin.TestSmokeRegression" name="test_mark_paid_manual_still_works" time="0.338" /><testcase classname="tests.test_iter22_collect_checkin.TestSmokeRegression" name="test_cancellation_revenue_endpoint" time="0.147" /><testcase classname="tests.test_iter22_collect_checkin.TestSmokeRegression" name="test_public_bank_accounts" time="0.143" /></testsuite></testsuites>