<?xml version="1.0" encoding="utf-8"?><testsuites name="pytest tests"><testsuite name="pytest" errors="0" failures="0" skipped="0" tests="9" time="3.724" timestamp="2026-06-30T16:45:39.716727+00:00" hostname="agent-env-46c6b82e-100b-4a90-a6a1-78c5a2aa1199"><testcase classname="tests.test_iter18_booking_fields.TestCreateBookingFields" name="test_create_returns_subtotal_service_fee_total_source" time="0.754" /><testcase classname="tests.test_iter18_booking_fields.TestCreateBookingFields" name="test_get_booking_persists_fields" time="0.259" /><testcase classname="tests.test_iter18_booking_fields.TestCancelUsesRealTotal" name="test_pending_fee_nonzero_no_refund" time="0.556" /><testcase classname="tests.test_iter18_booking_fields.TestCancelUsesRealTotal" name="test_paid_fee_and_refund" time="0.387" /><testcase classname="tests.test_iter18_booking_fields.TestCancelUsesRealTotal" name="test_aktif_fresh_booking_uses_total" time="0.304" /><testcase classname="tests.test_iter18_booking_fields.TestAuditLog" name="test_cancel_logs_activity" time="0.419" /><testcase classname="tests.test_iter18_booking_fields.TestNoShowSmoke" name="test_no_show_still_works" time="0.456" /><testcase classname="tests.test_iter18_booking_fields.TestReportsCancelledQueryable" name="test_cancelled_bookings_queryable" time="0.122" /><testcase classname="tests.test_iter18_booking_fields.TestReportsCancelledQueryable" name="test_booking_widgets_smoke" time="0.160" /></testsuite></testsuites>