<?xml version="1.0" encoding="utf-8"?><testsuites name="pytest tests"><testsuite name="pytest" errors="0" failures="0" skipped="0" tests="4" time="1.822" timestamp="2026-06-30T15:39:11.143739+00:00" hostname="agent-env-46c6b82e-100b-4a90-a6a1-78c5a2aa1199"><testcase classname="tests.test_iter14_fixes.TestRoomsCatalog" name="test_catalog_groups_and_prices" time="0.286" /><testcase classname="tests.test_iter14_fixes.TestWidgetWalkinFromCheckins" name="test_checkin_increments_walkin_only" time="0.659" /><testcase classname="tests.test_iter14_fixes.TestWidgetWalkinFromCheckins" name="test_public_booking_increments_online_not_walkin" time="0.331" /><testcase classname="tests.test_iter14_fixes.TestBookingCancelSmoke" name="test_public_booking_then_cancel" time="0.350" /></testsuite></testsuites>