<?xml version="1.0" encoding="utf-8"?><testsuites name="pytest tests"><testsuite name="pytest" errors="0" failures="0" skipped="0" tests="14" time="11.589" timestamp="2026-06-30T14:19:31.916870+00:00" hostname="agent-env-46c6b82e-100b-4a90-a6a1-78c5a2aa1199"><testcase classname="tests.test_midtrans" name="test_midtrans_config" time="0.285" /><testcase classname="tests.test_midtrans" name="test_create_snap_token_dp50" time="1.663" /><testcase classname="tests.test_midtrans" name="test_create_snap_token_full" time="0.933" /><testcase classname="tests.test_midtrans" name="test_create_snap_token_booking_not_found" time="0.045" /><testcase classname="tests.test_midtrans" name="test_create_snap_token_invalid_option" time="0.099" /><testcase classname="tests.test_midtrans" name="test_create_snap_token_wrong_status" time="1.215" /><testcase classname="tests.test_midtrans" name="test_webhook_invalid_signature" time="0.044" /><testcase classname="tests.test_midtrans" name="test_webhook_missing_fields" time="0.044" /><testcase classname="tests.test_midtrans" name="test_webhook_settlement" time="1.127" /><testcase classname="tests.test_midtrans" name="test_webhook_pending" time="1.181" /><testcase classname="tests.test_midtrans" name="test_webhook_expire" time="1.336" /><testcase classname="tests.test_midtrans" name="test_webhook_deny" time="1.235" /><testcase classname="tests.test_midtrans" name="test_webhook_idempotent" time="1.250" /><testcase classname="tests.test_midtrans" name="test_get_status_not_found" time="0.046" /></testsuite></testsuites>