<?xml version="1.0" encoding="utf-8"?><testsuites name="pytest tests"><testsuite name="pytest" errors="0" failures="0" skipped="0" tests="6" time="4.555" timestamp="2026-06-30T11:46:17.859287+00:00" hostname="agent-env-46c6b82e-100b-4a90-a6a1-78c5a2aa1199"><testcase classname="tests.test_move_room.TestMoveRoomValidations" name="test_same_room_400" time="0.963" /><testcase classname="tests.test_move_room.TestMoveRoomValidations" name="test_source_kosong_rejected_400" time="0.414" /><testcase classname="tests.test_move_room.TestMoveRoomValidations" name="test_target_not_kosong_rejected_400" time="0.727" /><testcase classname="tests.test_move_room.TestMoveRoomMenginap" name="test_menginap_move_success" time="0.696" /><testcase classname="tests.test_move_room.TestMoveRoomDayUse" name="test_day_use_move_updates_checkin" time="0.944" /><testcase classname="tests.test_move_room.TestBookingRescheduleAndCancel" name="test_create_then_reschedule_then_cancel" time="0.694" /></testsuite></testsuites>