<?xml version="1.0" encoding="utf-8"?><testsuites name="pytest tests"><testsuite name="pytest" errors="0" failures="0" skipped="0" tests="11" time="3.928" timestamp="2026-06-30T12:52:55.585070+00:00" hostname="agent-env-46c6b82e-100b-4a90-a6a1-78c5a2aa1199"><testcase classname="tests.test_phase_ab.TestServiceFeeCheckout" name="test_checkin_checkout_includes_service_fee" time="1.124" /><testcase classname="tests.test_phase_ab.TestServiceFeeCheckout" name="test_checkout_insufficient_payment_400" time="0.633" /><testcase classname="tests.test_phase_ab.TestBookingAvailability" name="test_availability_returns_slots" time="0.117" /><testcase classname="tests.test_phase_ab.TestBookingAvailability" name="test_availability_marks_booked_date" time="0.343" /><testcase classname="tests.test_phase_ab.TestPublicEndpoints" name="test_catalog_no_auth" time="0.112" /><testcase classname="tests.test_phase_ab.TestPublicEndpoints" name="test_availability_no_auth" time="0.128" /><testcase classname="tests.test_phase_ab.TestPublicEndpoints" name="test_availability_bad_date" time="0.129" /><testcase classname="tests.test_phase_ab.TestPublicEndpoints" name="test_public_booking_standard_calc" time="0.587" /><testcase classname="tests.test_phase_ab.TestPublicEndpoints" name="test_public_booking_cottage_calc" time="0.387" /><testcase classname="tests.test_phase_ab.TestPublicEndpoints" name="test_public_booking_invalid_date" time="0.115" /><testcase classname="tests.test_phase_ab.TestPublicEndpoints" name="test_public_booking_room_not_kosong" time="0.111" /></testsuite></testsuites>