<?xml version="1.0" encoding="utf-8"?><testsuites name="pytest tests"><testsuite name="pytest" errors="0" failures="0" skipped="0" tests="8" time="2.018" timestamp="2026-06-30T14:54:32.330466+00:00" hostname="agent-env-46c6b82e-100b-4a90-a6a1-78c5a2aa1199"><testcase classname="tests.test_phase_d.TestBookingWidgets" name="test_unauthorized" time="0.181" /><testcase classname="tests.test_phase_d.TestBookingWidgets" name="test_widgets_shape_and_numeric" time="0.525" /><testcase classname="tests.test_phase_d.TestBookingWidgets" name="test_midtrans_sum_uses_todouble" time="0.064" /><testcase classname="tests.test_phase_d.TestCancelWithFee" name="test_unauthorized" time="0.214" /><testcase classname="tests.test_phase_d.TestCancelWithFee" name="test_booking_not_found" time="0.052" /><testcase classname="tests.test_phase_d.TestCancelWithFee" name="test_cancel_with_fee_success" time="0.266" /><testcase classname="tests.test_phase_d.TestCancelWithFee" name="test_cancel_with_fee_too_late" time="0.180" /><testcase classname="tests.test_phase_d.TestCancelWithFee" name="test_cancel_with_fee_wrong_status" time="0.166" /></testsuite></testsuites>