<?xml version="1.0" encoding="utf-8"?><testsuites name="pytest tests"><testsuite name="pytest" errors="0" failures="0" skipped="0" tests="8" time="3.323" timestamp="2026-06-30T14:47:57.607264+00:00" hostname="agent-env-46c6b82e-100b-4a90-a6a1-78c5a2aa1199"><testcase classname="tests.test_phase_d.TestBookingWidgets" name="test_unauthorized" time="0.335" /><testcase classname="tests.test_phase_d.TestCancelWithFee" name="test_unauthorized" time="0.279" /><testcase classname="tests.test_phase_d.TestCancelWithFee" name="test_booking_not_found" time="0.688" /><testcase classname="tests.test_phase_d.TestBookingWidgets" name="test_widgets_shape_and_numeric" time="0.754" /><testcase classname="tests.test_phase_d.TestCancelWithFee" name="test_cancel_with_fee_success" time="0.336" /><testcase classname="tests.test_phase_d.TestBookingWidgets" name="test_midtrans_sum_uses_todouble" time="0.058" /><testcase classname="tests.test_phase_d.TestCancelWithFee" name="test_cancel_with_fee_too_late" time="0.213" /><testcase classname="tests.test_phase_d.TestCancelWithFee" name="test_cancel_with_fee_wrong_status" time="0.201" /></testsuite></testsuites>